6月 08, 2023 2:48:04 下午 io.github.yedaxia.apidocs.LogUtils info
信息: info: find java src paths:  [D:\study\grade3.2\大规模实验\backend\src\main\java\]
6月 08, 2023 2:48:04 下午 io.github.yedaxia.apidocs.LogUtils info
信息: info: project type not set, try to figure out...
6月 08, 2023 2:48:04 下午 io.github.yedaxia.apidocs.LogUtils info
信息: info: start find controllers in path : D:\study\grade3.2\大规模实验\backend\src\main\java\
6月 08, 2023 2:48:04 下午 io.github.yedaxia.apidocs.LogUtils info
信息: info: find controller file : RoomController.java
6月 08, 2023 2:48:04 下午 io.github.yedaxia.apidocs.LogUtils info
信息: info: find controller file : UserController.java
6月 08, 2023 2:48:04 下午 io.github.yedaxia.apidocs.LogUtils info
信息: info: start to parse controller file : RoomController.java
6月 08, 2023 2:48:05 下午 io.github.yedaxia.apidocs.LogUtils info
信息: info: success to parse controller file : RoomController.java
6月 08, 2023 2:48:05 下午 io.github.yedaxia.apidocs.LogUtils info
信息: info: start to parse controller file : UserController.java
6月 08, 2023 2:48:05 下午 io.github.yedaxia.apidocs.LogUtils info
信息: info: success to parse controller file : UserController.java
6月 08, 2023 2:48:05 下午 io.github.yedaxia.apidocs.LogUtils info
信息: info: generate api docs start...
6月 08, 2023 2:48:05 下午 io.github.yedaxia.apidocs.LogUtils info
信息: info: start to generate docs for controller file : D:\study\grade3.2\大规模实验\backend\src\main\java\com\hemlock\www\backend\controller\RoomController.java
6月 08, 2023 2:48:05 下午 io.github.yedaxia.apidocs.LogUtils info
信息: info: success to generate docs for controller file : D:\study\grade3.2\大规模实验\backend\src\main\java\com\hemlock\www\backend\controller\RoomController.java
6月 08, 2023 2:48:05 下午 io.github.yedaxia.apidocs.LogUtils info
信息: info: start to generate docs for controller file : D:\study\grade3.2\大规模实验\backend\src\main\java\com\hemlock\www\backend\controller\UserController.java
6月 08, 2023 2:48:05 下午 io.github.yedaxia.apidocs.LogUtils info
信息: info: success to generate docs for controller file : D:\study\grade3.2\大规模实验\backend\src\main\java\com\hemlock\www\backend\controller\UserController.java
6月 08, 2023 2:48:05 下午 io.github.yedaxia.apidocs.LogUtils info
信息: info: generate index start !!!
6月 08, 2023 2:48:05 下午 io.github.yedaxia.apidocs.LogUtils info
信息: info: generate index done !!!
6月 08, 2023 2:48:05 下午 io.github.yedaxia.apidocs.LogUtils info
信息: info: generate api docs done !!!
